<?xml version="1.0" encoding="UTF-8"?>
<!-- Generated by org.testng.reporters.JUnitReportReporter -->
<testsuite skipped="0" hostname="LAPTOP-E0D44B04" name="Academy.Assignment.SendKudos" tests="1" failures="0" timestamp="2021-10-21T03:02:01 IST" time="16.462" errors="0">
  <testcase name="sendKudos" time="16.462" classname="Academy.Assignment.SendKudos"/>
  <system-out/>
</testsuite> <!-- Academy.Assignment.SendKudos -->
