<?xml version="1.0" encoding="UTF-8"?>
<!-- Generated by org.testng.reporters.JUnitReportReporter -->
<testsuite skipped="0" hostname="LAPTOP-E0D44B04" name="Academy.Assignment.Activity" tests="1" failures="0" timestamp="2021-10-21T02:31:02 IST" time="7.038" errors="0">
  <testcase name="ActivityPage" time="7.038" classname="Academy.Assignment.Activity"/>
  <system-out/>
</testsuite> <!-- Academy.Assignment.Activity -->
