<?xml version="1.0" encoding="UTF-8"?>
<!-- Generated by org.testng.reporters.JUnitReportReporter -->
<testsuite skipped="0" hostname="LAPTOP-E0D44B04" name="Academy.Assignment.Login" tests="1" failures="0" timestamp="2021-10-21T02:30:19 IST" time="7.574" errors="0">
  <testcase name="userLogin" time="7.574" classname="Academy.Assignment.Login"/>
  <system-out/>
</testsuite> <!-- Academy.Assignment.Login -->
