<?xml version="1.0" encoding="UTF-8"?>
<!-- Generated by org.testng.reporters.JUnitReportReporter -->
<testsuite hostname="LAPTOP-E0D44B04" name="Academy.Assignment.Activity" tests="1" failures="0" timestamp="20 Oct 2021 21:39:53 GMT" time="7.150" errors="0">
  <testcase name="ActivityPage" time="7.150" classname="Academy.Assignment.Activity"/>
</testsuite> <!-- Academy.Assignment.Activity -->
