<?xml version="1.0" encoding="UTF-8"?>
<!-- Generated by org.testng.reporters.JUnitReportReporter -->
<testsuite hostname="LAPTOP-E0D44B04" name="Academy.Assignment.KudosRecent" tests="1" failures="0" timestamp="20 Oct 2021 21:39:53 GMT" time="10.235" errors="0">
  <testcase name="kudosRecent" time="10.235" classname="Academy.Assignment.KudosRecent"/>
</testsuite> <!-- Academy.Assignment.KudosRecent -->
